app/build/intermediates/manifest_merge_blame_file/debug/manifest-merger-blame-debug-report.txt
1<?xml version="1.0" encoding="utf-8"?>
2<manifest xmlns:android="http://schemas.android.com/apk/res/android"
3    package="com.mclowicz.recipes"
4    android:versionCode="1"
5    android:versionName="1.0" >
6
7    <uses-sdk
8        android:minSdkVersion="21"
8-->src/main/AndroidManifest.xml
9        android:targetSdkVersion="32" />
9-->src/main/AndroidManifest.xml
10
11    <uses-permission android:name="android.permission.INTERNET" />
11-->src/main/AndroidManifest.xml:5:5-67
11-->src/main/AndroidManifest.xml:5:22-64
12
13    <application
13-->src/main/AndroidManifest.xml:7:5-26:19
14        android:name="com.mclowicz.App"
14-->src/main/AndroidManifest.xml:8:9-40
15        android:allowBackup="true"
15-->src/main/AndroidManifest.xml:9:9-35
16        android:appComponentFactory="androidx.core.app.CoreComponentFactory"
16-->[androidx.core:core:1.7.0] AndroidManifest.xml:24:18-86
17        android:debuggable="true"
18        android:icon="@mipmap/ic_launcher"
18-->src/main/AndroidManifest.xml:10:9-43
19        android:label="@string/app_name"
19-->src/main/AndroidManifest.xml:11:9-41
20        android:roundIcon="@mipmap/ic_launcher_round"
20-->src/main/AndroidManifest.xml:12:9-54
21        android:supportsRtl="true"
21-->src/main/AndroidManifest.xml:13:9-35
22        android:testOnly="true"
23        android:theme="@style/Theme.Recipes" >
23-->src/main/AndroidManifest.xml:14:9-45
24        <activity
24-->src/main/AndroidManifest.xml:15:9-25:20
25            android:name="com.mclowicz.recipes.presentation.main.MainActivity"
25-->src/main/AndroidManifest.xml:16:13-59
26            android:exported="true"
26-->src/main/AndroidManifest.xml:17:13-36
27            android:label="@string/app_name"
27-->src/main/AndroidManifest.xml:18:13-45
28            android:theme="@style/Theme.Recipes" >
28-->src/main/AndroidManifest.xml:19:13-49
29            <intent-filter>
29-->src/main/AndroidManifest.xml:20:13-24:29
30                <action android:name="android.intent.action.MAIN" />
30-->src/main/AndroidManifest.xml:21:17-69
30-->src/main/AndroidManifest.xml:21:25-66
31
32                <category android:name="android.intent.category.LAUNCHER" />
32-->src/main/AndroidManifest.xml:23:17-77
32-->src/main/AndroidManifest.xml:23:27-74
33            </intent-filter>
34        </activity>
35        <activity
35-->[androidx.compose.ui:ui-tooling:1.0.1] AndroidManifest.xml:25:9-27:39
36            android:name="androidx.compose.ui.tooling.PreviewActivity"
36-->[androidx.compose.ui:ui-tooling:1.0.1] AndroidManifest.xml:26:13-71
37            android:exported="true" />
37-->[androidx.compose.ui:ui-tooling:1.0.1] AndroidManifest.xml:27:13-36
38        <activity
38-->[com.google.android.gms:play-services-base:18.0.1] AndroidManifest.xml:20:9-22:45
39            android:name="com.google.android.gms.common.api.GoogleApiActivity"
39-->[com.google.android.gms:play-services-base:18.0.1] AndroidManifest.xml:20:19-85
40            android:exported="false"
40-->[com.google.android.gms:play-services-base:18.0.1] AndroidManifest.xml:22:19-43
41            android:theme="@android:style/Theme.Translucent.NoTitleBar" />
41-->[com.google.android.gms:play-services-base:18.0.1] AndroidManifest.xml:21:19-78
42
43        <meta-data
43-->[com.google.android.gms:play-services-basement:18.0.0] AndroidManifest.xml:21:9-23:69
44            android:name="com.google.android.gms.version"
44-->[com.google.android.gms:play-services-basement:18.0.0] AndroidManifest.xml:22:13-58
45            android:value="@integer/google_play_services_version" />
45-->[com.google.android.gms:play-services-basement:18.0.0] AndroidManifest.xml:23:13-66
46
47        <provider
47-->[androidx.profileinstaller:profileinstaller:1.0.1] AndroidManifest.xml:26:9-34:20
48            android:name="androidx.startup.InitializationProvider"
48-->[androidx.profileinstaller:profileinstaller:1.0.1] AndroidManifest.xml:27:13-67
49            android:authorities="com.mclowicz.recipes.androidx-startup"
49-->[androidx.profileinstaller:profileinstaller:1.0.1] AndroidManifest.xml:28:13-68
50            android:exported="false" >
50-->[androidx.profileinstaller:profileinstaller:1.0.1] AndroidManifest.xml:29:13-37
51            <meta-data
51-->[androidx.profileinstaller:profileinstaller:1.0.1] AndroidManifest.xml:31:13-33:52
52                android:name="androidx.profileinstaller.ProfileInstallerInitializer"
52-->[androidx.profileinstaller:profileinstaller:1.0.1] AndroidManifest.xml:32:17-85
53                android:value="androidx.startup" />
53-->[androidx.profileinstaller:profileinstaller:1.0.1] AndroidManifest.xml:33:17-49
54        </provider>
55
56        <receiver
56-->[androidx.profileinstaller:profileinstaller:1.0.1] AndroidManifest.xml:36:9-45:20
57            android:name="androidx.profileinstaller.ProfileInstallReceiver"
57-->[androidx.profileinstaller:profileinstaller:1.0.1] AndroidManifest.xml:37:13-76
58            android:directBootAware="false"
58-->[androidx.profileinstaller:profileinstaller:1.0.1] AndroidManifest.xml:38:13-44
59            android:enabled="true"
59-->[androidx.profileinstaller:profileinstaller:1.0.1] AndroidManifest.xml:39:13-35
60            android:exported="true"
60-->[androidx.profileinstaller:profileinstaller:1.0.1] AndroidManifest.xml:40:13-36
61            android:permission="android.permission.DUMP" >
61-->[androidx.profileinstaller:profileinstaller:1.0.1] AndroidManifest.xml:41:13-57
62            <intent-filter>
62-->[androidx.profileinstaller:profileinstaller:1.0.1] AndroidManifest.xml:42:13-44:29
63                <action android:name="androidx.profileinstaller.action.INSTALL_PROFILE" />
63-->[androidx.profileinstaller:profileinstaller:1.0.1] AndroidManifest.xml:43:17-91
63-->[androidx.profileinstaller:profileinstaller:1.0.1] AndroidManifest.xml:43:25-88
64            </intent-filter>
65        </receiver>
66    </application>
67
68</manifest>